[06:50:52] [ServerMain/INFO]: Environment: authHost='https://authserver.mojang.com', accountsHost='https://api.mojang.com', sessionHost='https://sessionserver.mojang.com', servicesHost='https://api.minecraftservices.com', name='PROD'
[06:50:53] [ServerMain/WARN]: Ambiguity between arguments [teleport, location] and [teleport, destination] with inputs: [0.1 -0.5 .9, 0 0 0]
[06:50:53] [ServerMain/WARN]: Ambiguity between arguments [teleport, location] and [teleport, targets] with inputs: [0.1 -0.5 .9, 0 0 0]
[06:50:53] [ServerMain/WARN]: Ambiguity between arguments [teleport, destination] and [teleport, targets] with inputs: [Player, 0123, @e, dd12be42-52a9-4a91-a8a1-11c01849e498]
[06:50:53] [ServerMain/WARN]: Ambiguity between arguments [teleport, targets] and [teleport, destination] with inputs: [Player, 0123, dd12be42-52a9-4a91-a8a1-11c01849e498]
[06:50:53] [ServerMain/WARN]: Ambiguity between arguments [teleport, targets, location] and [teleport, targets, destination] with inputs: [0.1 -0.5 .9, 0 0 0]
[06:50:53] [ServerMain/INFO]: Reloading ResourceManager: Default
[06:50:54] [Worker-Main-2/INFO]: Loaded 7 recipes
[06:50:55] [Worker-Main-2/INFO]: Loaded 1141 advancements
[06:50:59] [Server thread/INFO]: Starting minecraft server version 1.18.1
[06:50:59] [Server thread/INFO]: Loading properties
[06:50:59] [Server thread/INFO]: Default game type: SURVIVAL
[06:50:59] [Server thread/INFO]: Generating keypair
[06:51:00] [Server thread/INFO]: Starting Minecraft server on *:25565
[06:51:00] [Server thread/INFO]: Using epoll channel type
[06:51:00] [Server thread/INFO]: Preparing level "world"
[06:51:01] [Server thread/INFO]: Preparing start region for dimension minecraft:overworld
[06:51:04] [Worker-Main-2/INFO]: Preparing spawn area: 0%
[06:51:04] [Worker-Main-2/INFO]: Preparing spawn area: 0%
[06:51:04] [Worker-Main-2/INFO]: Preparing spawn area: 0%
[06:51:04] [Worker-Main-2/INFO]: Preparing spawn area: 0%
[06:51:04] [Worker-Main-2/INFO]: Preparing spawn area: 0%
[06:51:04] [Worker-Main-2/INFO]: Preparing spawn area: 0%
[06:51:04] [Worker-Main-2/INFO]: Preparing spawn area: 0%
[06:51:04] [Worker-Main-2/INFO]: Preparing spawn area: 0%
[06:51:05] [Worker-Main-2/INFO]: Preparing spawn area: 0%
[06:51:05] [Worker-Main-2/INFO]: Preparing spawn area: 0%
[06:51:06] [Worker-Main-2/INFO]: Preparing spawn area: 0%
[06:51:06] [Worker-Main-2/INFO]: Preparing spawn area: 0%
[06:51:07] [Worker-Main-2/INFO]: Preparing spawn area: 0%
[06:51:07] [Worker-Main-2/INFO]: Preparing spawn area: 0%
[06:51:07] [User Authenticator #1/INFO]: UUID of player Not_A_Chance is 87e2c84c-bf1f-4c33-88b7-f841ca061b9f
[06:51:08] [Worker-Main-2/INFO]: Preparing spawn area: 0%
[06:51:08] [Worker-Main-2/INFO]: Preparing spawn area: 0%
[06:51:09] [Worker-Main-2/INFO]: Preparing spawn area: 0%
[06:51:09] [Worker-Main-2/INFO]: Preparing spawn area: 0%
[06:51:10] [Worker-Main-2/INFO]: Preparing spawn area: 4%
[06:51:10] [Worker-Main-2/INFO]: Preparing spawn area: 4%
[06:51:11] [Worker-Main-2/INFO]: Preparing spawn area: 4%
[06:51:11] [Worker-Main-2/INFO]: Preparing spawn area: 4%
[06:51:12] [Worker-Main-2/INFO]: Preparing spawn area: 4%
[06:51:12] [Worker-Main-2/INFO]: Preparing spawn area: 7%
[06:51:13] [Worker-Main-2/INFO]: Preparing spawn area: 11%
[06:51:13] [Worker-Main-2/INFO]: Preparing spawn area: 18%
[06:51:14] [Worker-Main-2/INFO]: Preparing spawn area: 18%
[06:51:14] [Worker-Main-2/INFO]: Preparing spawn area: 19%
[06:51:15] [Worker-Main-2/INFO]: Preparing spawn area: 20%
[06:51:15] [Worker-Main-2/INFO]: Preparing spawn area: 25%
[06:51:16] [Worker-Main-2/INFO]: Preparing spawn area: 34%
[06:51:16] [Worker-Main-2/INFO]: Preparing spawn area: 38%
[06:51:17] [Worker-Main-2/INFO]: Preparing spawn area: 44%
[06:51:17] [Worker-Main-2/INFO]: Preparing spawn area: 52%
[06:51:18] [Worker-Main-2/INFO]: Preparing spawn area: 62%
[06:51:18] [User Authenticator #2/INFO]: UUID of player Ez2Groom is 69759921-b56b-4248-bac5-5a847aba6605
[06:51:18] [Worker-Main-2/INFO]: Preparing spawn area: 71%
[06:51:19] [Worker-Main-2/INFO]: Preparing spawn area: 79%
[06:51:19] [Worker-Main-2/INFO]: Preparing spawn area: 80%
[06:51:20] [Worker-Main-2/INFO]: Preparing spawn area: 90%
[06:51:20] [Server thread/INFO]: Time elapsed: 19873 ms
[06:51:20] [Server thread/INFO]: Done (20.072s)! For help, type "help"
[06:51:21] [Server thread/INFO]: com.mojang.authlib.GameProfile@4dbd77d4[id=87e2c84c-bf1f-4c33-88b7-f841ca061b9f,name=Not_A_Chance,properties={textures=[com.mojang.authlib.properties.Property@a90dc2a]},legacy=false] (/108.17.149.52:57682) lost connection: Disconnected
[06:51:21] [Server thread/INFO]: Ez2Groom[/204.111.98.98:50414] logged in with entity id 72 at (1417.1068756080172, 63.41999998688698, 203.2402092303011)
[06:51:21] [Server thread/INFO]: Ez2Groom joined the game
[06:51:25] [Server thread/WARN]: Can't keep up! Is the server overloaded? Running 4661ms or 93 ticks behind
[06:51:26] [User Authenticator #3/INFO]: UUID of player Not_A_Chance is 87e2c84c-bf1f-4c33-88b7-f841ca061b9f
[06:51:27] [Server thread/INFO]: Not_A_Chance[/108.17.149.52:57700] logged in with entity id 85 at (108.73127822229605, 77.0, -291.3077784344048)
[06:51:27] [Server thread/INFO]: Not_A_Chance joined the game
[06:51:33] [User Authenticator #4/INFO]: UUID of player Lil_Pie_Crust is 4a9b508c-9183-4282-a407-3253053dcbf2
[06:51:34] [Server thread/INFO]: Lil_Pie_Crust[/108.17.149.52:50816] logged in with entity id 288 at (1341.7453615252562, 61.166109260938214, 98.29809573959146)
[06:51:34] [Server thread/INFO]: Lil_Pie_Crust joined the game
[06:51:49] [User Authenticator #5/INFO]: UUID of player Fur is 06c16e2a-f8ef-47f2-8b3b-46e64217c872
[06:51:50] [Server thread/INFO]: Fur[/108.17.149.52:58960] logged in with entity id 516 at (1394.459668751179, 57.0, 140.6274680627822)
[06:51:50] [Server thread/INFO]: Fur joined the game
[06:51:51] [Server thread/WARN]: Can't keep up! Is the server overloaded? Running 10514ms or 210 ticks behind
[06:52:13] [Server thread/WARN]: Can't keep up! Is the server overloaded? Running 7325ms or 146 ticks behind
[06:52:33] [Server thread/WARN]: Can't keep up! Is the server overloaded? Running 4606ms or 92 ticks behind
[06:52:50] [Server thread/WARN]: Can't keep up! Is the server overloaded? Running 2528ms or 50 ticks behind
[06:52:57] [Server thread/INFO]: Ez2Groom lost connection: Disconnected
[06:52:57] [Server thread/INFO]: Ez2Groom left the game
[06:53:27] [Server thread/WARN]: Can't keep up! Is the server overloaded? Running 2228ms or 44 ticks behind
[06:53:46] [Server thread/WARN]: Can't keep up! Is the server overloaded? Running 3819ms or 76 ticks behind
[06:53:48] [User Authenticator #6/INFO]: UUID of player Ez2Groom is 69759921-b56b-4248-bac5-5a847aba6605
[06:53:48] [Server thread/INFO]: Ez2Groom[/204.111.98.98:56440] logged in with entity id 1458 at (1417.1068756080172, 63.0, 203.2402092303011)
[06:53:48] [Server thread/INFO]: Ez2Groom joined the game
[06:54:06] [Server thread/WARN]: Can't keep up! Is the server overloaded? Running 5809ms or 116 ticks behind
[06:54:24] [Server thread/WARN]: Can't keep up! Is the server overloaded? Running 2887ms or 57 ticks behind
[06:54:42] [Server thread/INFO]: Fur lost connection: Disconnected
[06:54:42] [Server thread/INFO]: Fur left the game
[06:54:43] [Server thread/WARN]: Can't keep up! Is the server overloaded? Running 3381ms or 67 ticks behind
[06:54:54] [User Authenticator #7/INFO]: UUID of player Fur is 06c16e2a-f8ef-47f2-8b3b-46e64217c872
[06:54:54] [Server thread/INFO]: Fur[/108.17.149.52:60876] logged in with entity id 1701 at (1453.0979918393705, -180.93796118219456, 72.91476425077985)
[06:54:54] [Server thread/INFO]: Fur joined the game
[06:54:56] [Server thread/INFO]: Fur fell out of the world
[06:55:05] [Server thread/WARN]: Can't keep up! Is the server overloaded? Running 7858ms or 157 ticks behind
[06:55:29] [Server thread/INFO]: Fur lost connection: Disconnected
[06:55:29] [Server thread/INFO]: Fur left the game
[06:55:32] [User Authenticator #8/INFO]: UUID of player Fur is 06c16e2a-f8ef-47f2-8b3b-46e64217c872
[06:55:33] [Server thread/INFO]: Fur[/108.17.149.52:60891] logged in with entity id 1848 at (2203.5054244400767, -38.0, -609.6952922847482)
[06:55:33] [Server thread/INFO]: Fur joined the game
[06:55:36] [Server thread/WARN]: Can't keep up! Is the server overloaded? Running 15736ms or 314 ticks behind
